{"/home/lin/Desktop/leetcode/code/1.two-sum.js": {"path":"/home/lin/Desktop/leetcode/code/1.two-sum.js","statementMap":{"0":{"start":{"line":2,"column":4},"end":{"line":2,"column":16}}},"fnMap":{"0":{"name":"(anonymous_0)","decl":{"start":{"line":1,"column":15},"end":{"line":1,"column":16}},"loc":{"start":{"line":1,"column":25},"end":{"line":3,"column":1}},"line":1}},"branchMap":{},"s":{"0":1},"f":{"0":1},"b":{},"_coverageSchema":"1a1c01bbd47fc00a2c39e90264f33305004495a9","hash":"6e6794f5a605c623e52fbfc05d7747a76633f88f"}
}
